<!DOCTYPE html PUBLIC "-//W3C//DTD XHTML 1.1//EN" "http://www.w3.org/TR/xhtml11/DTD/xhtml11.dtd">
<html xmlns="http://www.w3.org/1999/xhtml"><head><title>TestNG Report</title><style type="text/css">table {margin-bottom:10px;border-collapse:collapse;empty-cells:show}th,td {border:1px solid #009;padding:.25em .5em}th {vertical-align:bottom}td {vertical-align:top}table a {font-weight:bold}.stripe td {background-color: #E6EBF9}.num {text-align:right}.passedodd td {background-color: #3F3}.passedeven td {background-color: #0A0}.skippedodd td {background-color: #DDD}.skippedeven td {background-color: #CCC}.failedodd td,.attn {background-color: #F33}.failedeven td,.stripe .attn {background-color: #D00}.stacktrace {white-space:pre;font-family:monospace}.totop {font-size:85%;text-align:center;border-bottom:2px solid #000}</style></head><body><table><tr><th>Test</th><th># Passed</th><th># Skipped</th><th># Failed</th><th>Time (ms)</th><th>Included Groups</th><th>Excluded Groups</th></tr><tr><th colspan="7">SuiteName</th></tr><tr><td><a href="#t0">Create Cluster</a></td><td class="num">0</td><td class="num">0</td><td class="num attn">1</td><td class="num">2,092</td><td></td><td></td></tr><tr class="stripe"><td><a href="#t1">Email This Page</a></td><td class="num">0</td><td class="num">0</td><td class="num attn">1</td><td class="num">2,124</td><td></td><td></td></tr><tr><th>Total</th><th class="num">0</th><th class="num">0</th><th class="num attn">2</th><th class="num">4,216</th><th colspan="2"></th></tr></table><table><thead><tr><th>Class</th><th>Method</th><th>Start</th><th>Time (ms)</th></tr></thead><tbody><tr><th colspan="4">SuiteName</th></tr></tbody><tbody id="t0"><tr><th colspan="4">Create Cluster &#8212; failed (configuration methods)</th></tr><tr class="failedeven"><td rowspan="1">com.catnav.scripts.home.testcases.RFISubmission</td><td><a href="#m0">quit</a></td><td rowspan="1">1545823360079</td><td rowspan="1">0</td></tr><tr><th colspan="4">Create Cluster &#8212; failed</th></tr><tr class="failedeven"><td rowspan="1">com.catnav.scripts.home.testcases.RFISubmission</td><td><a href="#m1">RFIconfirmation</a></td><td rowspan="1">1545823358551</td><td rowspan="1">1524</td></tr></tbody><tbody id="t1"><tr><th colspan="4">Email This Page &#8212; failed (configuration methods)</th></tr><tr class="failedeven"><td rowspan="1">com.catnav.scripts.home.testcases.EmailThisPage</td><td><a href="#m2">quit</a></td><td rowspan="1">1545823360079</td><td rowspan="1">0</td></tr><tr><th colspan="4">Email This Page &#8212; failed</th></tr><tr class="failedeven"><td rowspan="1">com.catnav.scripts.home.testcases.EmailThisPage</td><td><a href="#m3">fnEmailThisPage</a></td><td rowspan="1">1545823358551</td><td rowspan="1">1524</td></tr></tbody></table><h2>Create Cluster</h2><h3 id="m0">com.catnav.scripts.home.testcases.RFISubmission#quit</h3><table class="result"><tr><th>Exception</th></tr><tr><td><div class="stacktrace">java.lang.NoClassDefFoundError: java/sql/Date
	at freemarker.core.BuiltinVariable._eval(BuiltinVariable.java:200)
	at freemarker.core.Expression.eval(Expression.java:78)
	at freemarker.core.BuiltInsForMultipleTypes$dateBI._eval(BuiltInsForMultipleTypes.java:208)
	at freemarker.core.Expression.eval(Expression.java:78)
	at freemarker.core.BuiltInsForMultipleTypes$stringBI._eval(BuiltInsForMultipleTypes.java:597)
	at freemarker.core.Expression.eval(Expression.java:78)
	at freemarker.core.MethodCall._eval(MethodCall.java:55)
	at freemarker.core.Expression.eval(Expression.java:78)
	at freemarker.core.Expression.evalAndCoerceToString(Expression.java:82)
	at freemarker.core.DollarVariable.accept(DollarVariable.java:41)
	at freemarker.core.Environment.visit(Environment.java:324)
	at freemarker.core.MixedContent.accept(MixedContent.java:54)
	at freemarker.core.Environment.visit(Environment.java:324)
	at freemarker.core.Environment.process(Environment.java:302)
	at freemarker.template.Template.process(Template.java:325)
	at com.relevantcodes.extentreports.HTMLReporter.flush(HTMLReporter.java:172)
	at com.relevantcodes.extentreports.Report.flush(Report.java:457)
	at com.relevantcodes.extentreports.ExtentReports.flush(ExtentReports.java:691)
	at com.catnav.scripts.home.common.Project_Common.stopReport(Project_Common.java:304)
	at com.catnav.scripts.home.testcases.RFISubmission.quit(RFISubmission.java:52)
	at java.base/java.util.concurrent.FutureTask.run(FutureTask.java:264)
	at java.base/java.util.concurrent.Executors$RunnableAdapter.call(Executors.java:515)
	at java.base/java.util.concurrent.FutureTask.run(FutureTask.java:264)
	at java.base/java.util.concurrent.ThreadPoolExecutor.runWorker(ThreadPoolExecutor.java:1128)
	at java.base/java.util.concurrent.ThreadPoolExecutor$Worker.run(ThreadPoolExecutor.java:628)
	at java.base/java.lang.Thread.run(Thread.java:834)
Caused by: java.lang.ClassNotFoundException: java.sql.Date
	at java.base/java.net.URLClassLoader.findClass(URLClassLoader.java:471)
	at java.base/java.lang.ClassLoader.loadClass(ClassLoader.java:588)
	at java.base/java.lang.ClassLoader.loadClass(ClassLoader.java:521)
	... 37 more
... Removed 12 stack frames</div></td></tr></table><p class="totop"><a href="#summary">back to summary</a></p><h3 id="m1">com.catnav.scripts.home.testcases.RFISubmission#RFIconfirmation</h3><table class="result"><tr class="param"><th>Parameter #1</th></tr><tr class="param stripe"><td>{CompanyName=cbplpautomation, RFIName=BataKrishna, Email=batakrishna.m@orioninc.com}</td></tr><tr><th>Exception</th></tr><tr><td><div class="stacktrace">org.openqa.selenium.remote.UnreachableBrowserException: Could not start a new session. Possible causes are invalid address of the remote server or browser start-up failure.
Build info: version: &apos;2.52.0&apos;, revision: &apos;4c2593cfc3689a7fcd7be52549167e5ccc93ad28&apos;, time: &apos;2016-02-11 11:22:43&apos;
System info: host: &apos;SDF4-110-KRISHNA&apos;, ip: &apos;10.254.105.206&apos;, os.name: &apos;Windows 10&apos;, os.arch: &apos;amd64&apos;, os.version: &apos;10.0&apos;, java.version: &apos;11.0.1&apos;
Driver info: driver.version: ChromeDriver
	at org.openqa.selenium.remote.RemoteWebDriver.execute(RemoteWebDriver.java:665)
	at org.openqa.selenium.remote.RemoteWebDriver.startSession(RemoteWebDriver.java:249)
	at org.openqa.selenium.remote.RemoteWebDriver.&lt;init&gt;(RemoteWebDriver.java:131)
	at org.openqa.selenium.remote.RemoteWebDriver.&lt;init&gt;(RemoteWebDriver.java:144)
	at org.openqa.selenium.chrome.ChromeDriver.&lt;init&gt;(ChromeDriver.java:170)
	at org.openqa.selenium.chrome.ChromeDriver.&lt;init&gt;(ChromeDriver.java:159)
	at org.openqa.selenium.chrome.ChromeDriver.&lt;init&gt;(ChromeDriver.java:116)
	at com.catnav.scripts.home.common.Project_Common.openBrowser(Project_Common.java:78)
	at com.catnav.scripts.home.testcases.RFISubmission.RFIconfirmation(RFISubmission.java:40)
	at java.base/java.util.concurrent.FutureTask.run(FutureTask.java:264)
	at java.base/java.util.concurrent.Executors$RunnableAdapter.call(Executors.java:515)
	at java.base/java.util.concurrent.FutureTask.run(FutureTask.java:264)
	at java.base/java.util.concurrent.ThreadPoolExecutor.runWorker(ThreadPoolExecutor.java:1128)
	at java.base/java.util.concurrent.ThreadPoolExecutor$Worker.run(ThreadPoolExecutor.java:628)
	at java.base/java.lang.Thread.run(Thread.java:834)
Caused by: org.openqa.selenium.WebDriverException: Unable to convert: {desiredCapabilities=Capabilities [{browserName=chrome, chromeOptions=org.openqa.selenium.chrome.ChromeOptions@1b550c0, version=, platform=ANY}]}
Build info: version: &apos;2.52.0&apos;, revision: &apos;4c2593cfc3689a7fcd7be52549167e5ccc93ad28&apos;, time: &apos;2016-02-11 11:22:43&apos;
System info: host: &apos;SDF4-110-KRISHNA&apos;, ip: &apos;10.254.105.206&apos;, os.name: &apos;Windows 10&apos;, os.arch: &apos;amd64&apos;, os.version: &apos;10.0&apos;, java.version: &apos;11.0.1&apos;
Driver info: driver.version: ChromeDriver
	at org.openqa.selenium.remote.BeanToJsonConverter.convert(BeanToJsonConverter.java:69)
	at org.openqa.selenium.remote.http.JsonHttpCommandCodec.encode(JsonHttpCommandCodec.java:228)
	at org.openqa.selenium.remote.HttpCommandExecutor.execute(HttpCommandExecutor.java:139)
	at org.openqa.selenium.remote.service.DriverCommandExecutor.execute(DriverCommandExecutor.java:82)
	at org.openqa.selenium.remote.RemoteWebDriver.execute(RemoteWebDriver.java:644)
	... 23 more
Caused by: org.openqa.selenium.WebDriverException: Unable to convert: {desiredCapabilities=Capabilities [{browserName=chrome, chromeOptions=org.openqa.selenium.chrome.ChromeOptions@1b550c0, version=, platform=ANY}]}
Build info: version: &apos;2.52.0&apos;, revision: &apos;4c2593cfc3689a7fcd7be52549167e5ccc93ad28&apos;, time: &apos;2016-02-11 11:22:43&apos;
System info: host: &apos;SDF4-110-KRISHNA&apos;, ip: &apos;10.254.105.206&apos;, os.name: &apos;Windows 10&apos;, os.arch: &apos;amd64&apos;, os.version: &apos;10.0&apos;, java.version: &apos;11.0.1&apos;
Driver info: driver.version: ChromeDriver
	at org.openqa.selenium.remote.BeanToJsonConverter.convertObject(BeanToJsonConverter.java:88)
	at org.openqa.selenium.remote.BeanToJsonConverter.convert(BeanToJsonConverter.java:66)
	... 27 more
Build info: version: &apos;2.52.0&apos;, revision: &apos;4c2593cfc3689a7fcd7be52549167e5ccc93ad28&apos;, time: &apos;2016-02-11 11:22:43&apos;
System info: host: &apos;SDF4-110-KRISHNA&apos;, ip: &apos;10.254.105.206&apos;, os.name: &apos;Windows 10&apos;, os.arch: &apos;amd64&apos;, os.version: &apos;10.0&apos;, java.version: &apos;11.0.1&apos;
Driver info: driver.version: ChromeDriver
	at org.openqa.selenium.remote.BeanToJsonConverter.convertObject(BeanToJsonConverter.java:233)
	at org.openqa.selenium.remote.BeanToJsonConverter.convertObject(BeanToJsonConverter.java:143)
	at org.openqa.selenium.remote.BeanToJsonConverter.convertObject(BeanToJsonConverter.java:189)
	at org.openqa.selenium.remote.BeanToJsonConverter.convertObject(BeanToJsonConverter.java:143)
	at org.openqa.selenium.remote.BeanToJsonConverter.convertObject(BeanToJsonConverter.java:86)
	... 28 more
	at org.openqa.selenium.remote.BeanToJsonConverter.convertObject(BeanToJsonConverter.java:218)
	... 32 more
Caused by: java.lang.NoClassDefFoundError: java/sql/Time
	at com.google.gson.Gson.&lt;init&gt;(Gson.java:230)
	at com.google.gson.Gson.&lt;init&gt;(Gson.java:174)
	at org.openqa.selenium.chrome.ChromeOptions.toJson(ChromeOptions.java:224)
	... 37 more
Caused by: java.lang.ClassNotFoundException: java.sql.Time
	at java.base/java.net.URLClassLoader.findClass(URLClassLoader.java:471)
	at java.base/java.lang.ClassLoader.loadClass(ClassLoader.java:588)
	at java.base/java.lang.ClassLoader.loadClass(ClassLoader.java:521)
	... 40 more
... Removed 16 stack frames</div></td></tr></table><p class="totop"><a href="#summary">back to summary</a></p><h2>Email This Page</h2><h3 id="m2">com.catnav.scripts.home.testcases.EmailThisPage#quit</h3><table class="result"><tr><th>Exception</th></tr><tr><td><div class="stacktrace">java.lang.NoClassDefFoundError: java/sql/Date
	at freemarker.core.BuiltinVariable._eval(BuiltinVariable.java:200)
	at freemarker.core.Expression.eval(Expression.java:78)
	at freemarker.core.BuiltInsForMultipleTypes$dateBI._eval(BuiltInsForMultipleTypes.java:208)
	at freemarker.core.Expression.eval(Expression.java:78)
	at freemarker.core.BuiltInsForMultipleTypes$stringBI._eval(BuiltInsForMultipleTypes.java:597)
	at freemarker.core.Expression.eval(Expression.java:78)
	at freemarker.core.MethodCall._eval(MethodCall.java:55)
	at freemarker.core.Expression.eval(Expression.java:78)
	at freemarker.core.Expression.evalAndCoerceToString(Expression.java:82)
	at freemarker.core.DollarVariable.accept(DollarVariable.java:41)
	at freemarker.core.Environment.visit(Environment.java:324)
	at freemarker.core.MixedContent.accept(MixedContent.java:54)
	at freemarker.core.Environment.visit(Environment.java:324)
	at freemarker.core.Environment.process(Environment.java:302)
	at freemarker.template.Template.process(Template.java:325)
	at com.relevantcodes.extentreports.HTMLReporter.flush(HTMLReporter.java:172)
	at com.relevantcodes.extentreports.Report.flush(Report.java:457)
	at com.relevantcodes.extentreports.ExtentReports.flush(ExtentReports.java:691)
	at com.catnav.scripts.home.common.Project_Common.stopReport(Project_Common.java:304)
	at com.catnav.scripts.home.testcases.EmailThisPage.quit(EmailThisPage.java:55)
	at java.base/java.util.concurrent.FutureTask.run(FutureTask.java:264)
	at java.base/java.util.concurrent.Executors$RunnableAdapter.call(Executors.java:515)
	at java.base/java.util.concurrent.FutureTask.run(FutureTask.java:264)
	at java.base/java.util.concurrent.ThreadPoolExecutor.runWorker(ThreadPoolExecutor.java:1128)
	at java.base/java.util.concurrent.ThreadPoolExecutor$Worker.run(ThreadPoolExecutor.java:628)
	at java.base/java.lang.Thread.run(Thread.java:834)
Caused by: java.lang.ClassNotFoundException: java.sql.Date
	at java.base/java.net.URLClassLoader.findClass(URLClassLoader.java:471)
	at java.base/java.lang.ClassLoader.loadClass(ClassLoader.java:588)
	at java.base/java.lang.ClassLoader.loadClass(ClassLoader.java:521)
	... 37 more
... Removed 12 stack frames</div></td></tr></table><p class="totop"><a href="#summary">back to summary</a></p><h3 id="m3">com.catnav.scripts.home.testcases.EmailThisPage#fnEmailThisPage</h3><table class="result"><tr class="param"><th>Parameter #1</th></tr><tr class="param stripe"><td>{CompanyName=cbplpautomation, RecipientEmail=batakrishna.m@orioninc.com, YourEmail=batakrishna.m@orioninc.com, Breadcrumb=Order Submission &gt; Order Submission Basic Navigation }</td></tr><tr><th>Exception</th></tr><tr><td><div class="stacktrace">org.openqa.selenium.remote.UnreachableBrowserException: Could not start a new session. Possible causes are invalid address of the remote server or browser start-up failure.
Build info: version: &apos;2.52.0&apos;, revision: &apos;4c2593cfc3689a7fcd7be52549167e5ccc93ad28&apos;, time: &apos;2016-02-11 11:22:43&apos;
System info: host: &apos;SDF4-110-KRISHNA&apos;, ip: &apos;10.254.105.206&apos;, os.name: &apos;Windows 10&apos;, os.arch: &apos;amd64&apos;, os.version: &apos;10.0&apos;, java.version: &apos;11.0.1&apos;
Driver info: driver.version: ChromeDriver
	at org.openqa.selenium.remote.RemoteWebDriver.execute(RemoteWebDriver.java:665)
	at org.openqa.selenium.remote.RemoteWebDriver.startSession(RemoteWebDriver.java:249)
	at org.openqa.selenium.remote.RemoteWebDriver.&lt;init&gt;(RemoteWebDriver.java:131)
	at org.openqa.selenium.remote.RemoteWebDriver.&lt;init&gt;(RemoteWebDriver.java:144)
	at org.openqa.selenium.chrome.ChromeDriver.&lt;init&gt;(ChromeDriver.java:170)
	at org.openqa.selenium.chrome.ChromeDriver.&lt;init&gt;(ChromeDriver.java:159)
	at org.openqa.selenium.chrome.ChromeDriver.&lt;init&gt;(ChromeDriver.java:116)
	at com.catnav.scripts.home.common.Project_Common.openBrowser(Project_Common.java:78)
	at com.catnav.scripts.home.testcases.EmailThisPage.fnEmailThisPage(EmailThisPage.java:39)
	at java.base/java.util.concurrent.FutureTask.run(FutureTask.java:264)
	at java.base/java.util.concurrent.Executors$RunnableAdapter.call(Executors.java:515)
	at java.base/java.util.concurrent.FutureTask.run(FutureTask.java:264)
	at java.base/java.util.concurrent.ThreadPoolExecutor.runWorker(ThreadPoolExecutor.java:1128)
	at java.base/java.util.concurrent.ThreadPoolExecutor$Worker.run(ThreadPoolExecutor.java:628)
	at java.base/java.lang.Thread.run(Thread.java:834)
Caused by: org.openqa.selenium.WebDriverException: Unable to convert: {desiredCapabilities=Capabilities [{browserName=chrome, chromeOptions=org.openqa.selenium.chrome.ChromeOptions@1b550c0, version=, platform=ANY}]}
Build info: version: &apos;2.52.0&apos;, revision: &apos;4c2593cfc3689a7fcd7be52549167e5ccc93ad28&apos;, time: &apos;2016-02-11 11:22:43&apos;
System info: host: &apos;SDF4-110-KRISHNA&apos;, ip: &apos;10.254.105.206&apos;, os.name: &apos;Windows 10&apos;, os.arch: &apos;amd64&apos;, os.version: &apos;10.0&apos;, java.version: &apos;11.0.1&apos;
Driver info: driver.version: ChromeDriver
	at org.openqa.selenium.remote.BeanToJsonConverter.convert(BeanToJsonConverter.java:69)
	at org.openqa.selenium.remote.http.JsonHttpCommandCodec.encode(JsonHttpCommandCodec.java:228)
	at org.openqa.selenium.remote.HttpCommandExecutor.execute(HttpCommandExecutor.java:139)
	at org.openqa.selenium.remote.service.DriverCommandExecutor.execute(DriverCommandExecutor.java:82)
	at org.openqa.selenium.remote.RemoteWebDriver.execute(RemoteWebDriver.java:644)
	... 23 more
Caused by: org.openqa.selenium.WebDriverException: Unable to convert: {desiredCapabilities=Capabilities [{browserName=chrome, chromeOptions=org.openqa.selenium.chrome.ChromeOptions@1b550c0, version=, platform=ANY}]}
Build info: version: &apos;2.52.0&apos;, revision: &apos;4c2593cfc3689a7fcd7be52549167e5ccc93ad28&apos;, time: &apos;2016-02-11 11:22:43&apos;
System info: host: &apos;SDF4-110-KRISHNA&apos;, ip: &apos;10.254.105.206&apos;, os.name: &apos;Windows 10&apos;, os.arch: &apos;amd64&apos;, os.version: &apos;10.0&apos;, java.version: &apos;11.0.1&apos;
Driver info: driver.version: ChromeDriver
	at org.openqa.selenium.remote.BeanToJsonConverter.convertObject(BeanToJsonConverter.java:88)
	at org.openqa.selenium.remote.BeanToJsonConverter.convert(BeanToJsonConverter.java:66)
	... 27 more
Build info: version: &apos;2.52.0&apos;, revision: &apos;4c2593cfc3689a7fcd7be52549167e5ccc93ad28&apos;, time: &apos;2016-02-11 11:22:43&apos;
System info: host: &apos;SDF4-110-KRISHNA&apos;, ip: &apos;10.254.105.206&apos;, os.name: &apos;Windows 10&apos;, os.arch: &apos;amd64&apos;, os.version: &apos;10.0&apos;, java.version: &apos;11.0.1&apos;
Driver info: driver.version: ChromeDriver
	at org.openqa.selenium.remote.BeanToJsonConverter.convertObject(BeanToJsonConverter.java:233)
	at org.openqa.selenium.remote.BeanToJsonConverter.convertObject(BeanToJsonConverter.java:143)
	at org.openqa.selenium.remote.BeanToJsonConverter.convertObject(BeanToJsonConverter.java:189)
	at org.openqa.selenium.remote.BeanToJsonConverter.convertObject(BeanToJsonConverter.java:143)
	at org.openqa.selenium.remote.BeanToJsonConverter.convertObject(BeanToJsonConverter.java:86)
	... 28 more
	at org.openqa.selenium.remote.BeanToJsonConverter.convertObject(BeanToJsonConverter.java:218)
	... 32 more
Caused by: java.lang.NoClassDefFoundError: java/sql/Time
	at com.google.gson.Gson.&lt;init&gt;(Gson.java:230)
	at com.google.gson.Gson.&lt;init&gt;(Gson.java:174)
	at org.openqa.selenium.chrome.ChromeOptions.toJson(ChromeOptions.java:224)
	... 37 more
Caused by: java.lang.ClassNotFoundException: java.sql.Time
	at java.base/java.net.URLClassLoader.findClass(URLClassLoader.java:471)
	at java.base/java.lang.ClassLoader.loadClass(ClassLoader.java:588)
	at java.base/java.lang.ClassLoader.loadClass(ClassLoader.java:521)
	... 40 more
... Removed 16 stack frames</div></td></tr></table><p class="totop"><a href="#summary">back to summary</a></p></body></html>